0 info it worked if it ends with ok
1 verbose cli [ 'C:\\Program Files\\nodejs\\node.exe',
1 verbose cli   'C:\\Users\\UsuarioPC\\AppData\\Roaming\\npm\\node_modules\\npm\\bin\\npm-cli.js',
1 verbose cli   'start' ]
2 info using npm@3.10.9
3 info using node@v7.2.0
4 verbose run-script [ 'prestart', 'start', 'poststart' ]
5 info lifecycle platzigram@0.1.0~prestart: platzigram@0.1.0
6 silly lifecycle platzigram@0.1.0~prestart: no script for prestart, continuing
7 info lifecycle platzigram@0.1.0~start: platzigram@0.1.0
8 verbose lifecycle platzigram@0.1.0~start: unsafe-perm in lifecycle true
9 verbose lifecycle platzigram@0.1.0~start: PATH: C:\Users\UsuarioPC\AppData\Roaming\npm\node_modules\npm\bin\node-gyp-bin;C:\Users\UsuarioPC\Desktop\platzigram\node_modules\.bin;C:\ProgramData\Oracle\Java\javapath;C:\WINDOWS\system32;C:\WINDOWS;C:\WINDOWS\System32\Wbem;C:\WINDOWS\System32\WindowsPowerShell\v1.0\;C:\Program Files\Windows Imaging\;C:\Program Files (x86)\GtkSharp\2.12\bin;C:\Program Files\Common Files\Autodesk Shared\;C:\Program Files (x86)\Autodesk\Backburner\;C:\Program Files (x86)\NVIDIA Corporation\PhysX\Common;C:\WINDOWS\system32;C:\WINDOWS;C:\WINDOWS\System32\Wbem;C:\WINDOWS\System32\WindowsPowerShell\v1.0\;C:\Program Files\Git\cmd;C:\Program Files (x86)\OpenSSH\bin;C:\Program Files\MySQL\MySQL Utilities 1.6\;C:\Program Files\nodejs\;C:\Ruby23-x64\bin;C:\Users\UsuarioPC\AppData\Local\Microsoft\WindowsApps;C:\program files\java\jdk1.8.0_101\bin;C:\Users\UsuarioPC\AppData\Local\atom\bin;C:\Users\UsuarioPC\AppData\Roaming\npm
10 verbose lifecycle platzigram@0.1.0~start: CWD: C:\Users\UsuarioPC\Desktop\platzigram
11 silly lifecycle platzigram@0.1.0~start: Args: [ '/d /s /c', 'gulp watch | node server.js' ]
12 silly lifecycle platzigram@0.1.0~start: Returned: code: 3221225786  signal: null
13 info lifecycle platzigram@0.1.0~start: Failed to exec start script
14 verbose stack Error: platzigram@0.1.0 start: `gulp watch | node server.js`
14 verbose stack Exit status 3221225786
14 verbose stack     at EventEmitter.<anonymous> (C:\Users\UsuarioPC\AppData\Roaming\npm\node_modules\npm\lib\utils\lifecycle.js:255:16)
14 verbose stack     at emitTwo (events.js:106:13)
14 verbose stack     at EventEmitter.emit (events.js:191:7)
14 verbose stack     at ChildProcess.<anonymous> (C:\Users\UsuarioPC\AppData\Roaming\npm\node_modules\npm\lib\utils\spawn.js:40:14)
14 verbose stack     at emitTwo (events.js:106:13)
14 verbose stack     at ChildProcess.emit (events.js:191:7)
14 verbose stack     at maybeClose (internal/child_process.js:885:16)
14 verbose stack     at Process.ChildProcess._handle.onexit (internal/child_process.js:226:5)
15 verbose pkgid platzigram@0.1.0
16 verbose cwd C:\Users\UsuarioPC\Desktop\platzigram
17 error Windows_NT 10.0.14393
18 error argv "C:\\Program Files\\nodejs\\node.exe" "C:\\Users\\UsuarioPC\\AppData\\Roaming\\npm\\node_modules\\npm\\bin\\npm-cli.js" "start"
19 error node v7.2.0
20 error npm  v3.10.9
21 error code ELIFECYCLE
22 error platzigram@0.1.0 start: `gulp watch | node server.js`
22 error Exit status 3221225786
23 error Failed at the platzigram@0.1.0 start script 'gulp watch | node server.js'.
23 error Make sure you have the latest version of node.js and npm installed.
23 error If you do, this is most likely a problem with the platzigram package,
23 error not with npm itself.
23 error Tell the author that this fails on your system:
23 error     gulp watch | node server.js
23 error You can get information on how to open an issue for this project with:
23 error     npm bugs platzigram
23 error Or if that isn't available, you can get their info via:
23 error     npm owner ls platzigram
23 error There is likely additional logging output above.
24 verbose exit [ 1, true ]
